<?xml version="1.0" encoding="UTF-8"?>
<!-- Generated by org.testng.reporters.JUnitReportReporter -->
<testsuite hostname="LAPTOP-UUV5KHBQ" failures="0" tests="5" name="com.searchmodule.tests.SearchTest" time="27.066" errors="0" timestamp="2023-02-01T19:28:06 ART" skipped="0">
  <testcase classname="com.searchmodule.tests.SearchTest" name="search" time="3.925"/>
  <system-out/>
  <testcase classname="com.searchmodule.tests.SearchTest" name="search" time="6.128"/>
  <system-out/>
  <testcase classname="com.searchmodule.tests.SearchTest" name="search" time="4.720"/>
  <system-out/>
  <testcase classname="com.searchmodule.tests.SearchTest" name="search" time="4.945"/>
  <system-out/>
  <testcase classname="com.searchmodule.tests.SearchTest" name="search" time="7.348"/>
  <system-out/>
</testsuite> <!-- com.searchmodule.tests.SearchTest -->
