<?xml version="1.0" encoding="UTF-8"?>
<!-- Generated by org.testng.reporters.JUnitReportReporter -->
<testsuite hostname="LAPTOP-UUV5KHBQ" failures="0" tests="20" name="com.newtours.tests.BookFlightTest" time="43.309" errors="0" timestamp="2023-02-01T19:29:23 ART" skipped="0">
  <testcase classname="com.newtours.tests.BookFlightTest" name="flightConfirmationPage" time="0.590"/>
  <system-out/>
  <testcase classname="com.newtours.tests.BookFlightTest" name="registrationConfirmationPage" time="0.284"/>
  <system-out/>
  <testcase classname="com.newtours.tests.BookFlightTest" name="findFlightPage" time="0.850"/>
  <system-out/>
  <testcase classname="com.newtours.tests.BookFlightTest" name="flightDetailsPage" time="2.080"/>
  <system-out/>
  <testcase classname="com.newtours.tests.BookFlightTest" name="registrationPage" time="6.023"/>
  <system-out/>
  <testcase classname="com.newtours.tests.BookFlightTest" name="flightConfirmationPage" time="0.453"/>
  <system-out/>
  <testcase classname="com.newtours.tests.BookFlightTest" name="flightConfirmationPage" time="0.503"/>
  <system-out/>
  <testcase classname="com.newtours.tests.BookFlightTest" name="registrationConfirmationPage" time="0.200"/>
  <system-out/>
  <testcase classname="com.newtours.tests.BookFlightTest" name="findFlightPage" time="0.725"/>
  <system-out/>
  <testcase classname="com.newtours.tests.BookFlightTest" name="flightDetailsPage" time="1.884"/>
  <system-out/>
  <testcase classname="com.newtours.tests.BookFlightTest" name="registrationPage" time="6.604"/>
  <system-out/>
  <testcase classname="com.newtours.tests.BookFlightTest" name="registrationPage" time="6.848"/>
  <system-out/>
  <testcase classname="com.newtours.tests.BookFlightTest" name="flightDetailsPage" time="2.009"/>
  <system-out/>
  <testcase classname="com.newtours.tests.BookFlightTest" name="registrationConfirmationPage" time="0.204"/>
  <system-out/>
  <testcase classname="com.newtours.tests.BookFlightTest" name="findFlightPage" time="1.164"/>
  <system-out/>
  <testcase classname="com.newtours.tests.BookFlightTest" name="flightConfirmationPage" time="0.477"/>
  <system-out/>
  <testcase classname="com.newtours.tests.BookFlightTest" name="registrationPage" time="9.393"/>
  <system-out/>
  <testcase classname="com.newtours.tests.BookFlightTest" name="findFlightPage" time="0.771"/>
  <system-out/>
  <testcase classname="com.newtours.tests.BookFlightTest" name="registrationConfirmationPage" time="0.226"/>
  <system-out/>
  <testcase classname="com.newtours.tests.BookFlightTest" name="flightDetailsPage" time="2.021"/>
  <system-out/>
</testsuite> <!-- com.newtours.tests.BookFlightTest -->
