<?xml version="1.0" encoding="UTF-8"?>
<!-- Generated by org.testng.reporters.JUnitReportReporter -->
<testsuite hostname="LAPTOP-UUV5KHBQ" failures="0" tests="20" name="com.newtours.tests.BookFlightTest" time="285.844" errors="0" timestamp="2023-02-01T18:52:26 ART" skipped="0">
  <testcase classname="com.newtours.tests.BookFlightTest" name="flightConfirmationPage" time="2.024"/>
  <system-out/>
  <testcase classname="com.newtours.tests.BookFlightTest" name="registrationPage" time="56.849"/>
  <system-out/>
  <testcase classname="com.newtours.tests.BookFlightTest" name="registrationPage" time="55.712"/>
  <system-out/>
  <testcase classname="com.newtours.tests.BookFlightTest" name="findFlightPage" time="0.703"/>
  <system-out/>
  <testcase classname="com.newtours.tests.BookFlightTest" name="flightDetailsPage" time="5.825"/>
  <system-out/>
  <testcase classname="com.newtours.tests.BookFlightTest" name="registrationConfirmationPage" time="2.555"/>
  <system-out/>
  <testcase classname="com.newtours.tests.BookFlightTest" name="registrationPage" time="52.714"/>
  <system-out/>
  <testcase classname="com.newtours.tests.BookFlightTest" name="registrationConfirmationPage" time="0.638"/>
  <system-out/>
  <testcase classname="com.newtours.tests.BookFlightTest" name="flightConfirmationPage" time="0.422"/>
  <system-out/>
  <testcase classname="com.newtours.tests.BookFlightTest" name="flightConfirmationPage" time="1.949"/>
  <system-out/>
  <testcase classname="com.newtours.tests.BookFlightTest" name="findFlightPage" time="5.053"/>
  <system-out/>
  <testcase classname="com.newtours.tests.BookFlightTest" name="registrationConfirmationPage" time="4.842"/>
  <system-out/>
  <testcase classname="com.newtours.tests.BookFlightTest" name="flightDetailsPage" time="3.581"/>
  <system-out/>
  <testcase classname="com.newtours.tests.BookFlightTest" name="findFlightPage" time="4.424"/>
  <system-out/>
  <testcase classname="com.newtours.tests.BookFlightTest" name="flightConfirmationPage" time="1.972"/>
  <system-out/>
  <testcase classname="com.newtours.tests.BookFlightTest" name="registrationPage" time="63.194"/>
  <system-out/>
  <testcase classname="com.newtours.tests.BookFlightTest" name="flightDetailsPage" time="7.408"/>
  <system-out/>
  <testcase classname="com.newtours.tests.BookFlightTest" name="registrationConfirmationPage" time="5.055"/>
  <system-out/>
  <testcase classname="com.newtours.tests.BookFlightTest" name="findFlightPage" time="2.427"/>
  <system-out/>
  <testcase classname="com.newtours.tests.BookFlightTest" name="flightDetailsPage" time="8.497"/>
  <system-out/>
</testsuite> <!-- com.newtours.tests.BookFlightTest -->
