<?xml version="1.0" encoding="UTF-8"?>
<!-- Generated by org.testng.reporters.JUnitReportReporter -->
<testsuite hostname="LAPTOP-UUV5KHBQ" failures="0" tests="5" name="com.searchmodule.tests.SearchTest" time="24.094" errors="0" timestamp="2023-02-01T18:53:35 ART" skipped="0">
  <testcase classname="com.searchmodule.tests.SearchTest" name="search" time="5.188"/>
  <system-out/>
  <testcase classname="com.searchmodule.tests.SearchTest" name="search" time="4.746"/>
  <system-out/>
  <testcase classname="com.searchmodule.tests.SearchTest" name="search" time="4.664"/>
  <system-out/>
  <testcase classname="com.searchmodule.tests.SearchTest" name="search" time="4.745"/>
  <system-out/>
  <testcase classname="com.searchmodule.tests.SearchTest" name="search" time="4.751"/>
  <system-out/>
</testsuite> <!-- com.searchmodule.tests.SearchTest -->
